a:\programs\neuralnetworkfromscratch\x64\debug\vc143.pdb
a:\programs\neuralnetworkfromscratch\x64\debug\vc143.idb
a:\programs\neuralnetworkfromscratch\x64\debug\matrix.obj
a:\programs\neuralnetworkfromscratch\x64\debug\main.obj
a:\programs\neuralnetworkfromscratch\x64\debug\neuralnetworkfromscratch.pdb
a:\programs\neuralnetworkfromscratch\x64\debug\neuralne.92962686.tlog\cl.command.1.tlog
a:\programs\neuralnetworkfromscratch\x64\debug\neuralne.92962686.tlog\cl.read.1.tlog
a:\programs\neuralnetworkfromscratch\x64\debug\neuralne.92962686.tlog\cl.write.1.tlog
a:\programs\neuralnetworkfromscratch\x64\debug\neuralne.92962686.tlog\link-cvtres.read.1.tlog
a:\programs\neuralnetworkfromscratch\x64\debug\neuralne.92962686.tlog\link-cvtres.write.1.tlog
a:\programs\neuralnetworkfromscratch\x64\debug\neuralne.92962686.tlog\link-rc.read.1.tlog
a:\programs\neuralnetworkfromscratch\x64\debug\neuralne.92962686.tlog\link-rc.write.1.tlog
a:\programs\neuralnetworkfromscratch\x64\debug\neuralne.92962686.tlog\link.17620-cvtres.read.1.tlog
a:\programs\neuralnetworkfromscratch\x64\debug\neuralne.92962686.tlog\link.17620-cvtres.write.1.tlog
a:\programs\neuralnetworkfromscratch\x64\debug\neuralne.92962686.tlog\link.17620-rc.read.1.tlog
a:\programs\neuralnetworkfromscratch\x64\debug\neuralne.92962686.tlog\link.17620-rc.write.1.tlog
a:\programs\neuralnetworkfromscratch\x64\debug\neuralne.92962686.tlog\link.17620.read.1.tlog
a:\programs\neuralnetworkfromscratch\x64\debug\neuralne.92962686.tlog\link.17620.read.2.tlog
a:\programs\neuralnetworkfromscratch\x64\debug\neuralne.92962686.tlog\link.17620.write.1.tlog
a:\programs\neuralnetworkfromscratch\x64\debug\neuralne.92962686.tlog\link.command.1.tlog
a:\programs\neuralnetworkfromscratch\x64\debug\neuralne.92962686.tlog\link.read.1.tlog
a:\programs\neuralnetworkfromscratch\x64\debug\neuralne.92962686.tlog\link.read.2.tlog
a:\programs\neuralnetworkfromscratch\x64\debug\neuralne.92962686.tlog\link.write.1.tlog
